Arguments: 
  /usr/local/bin/node /Users/madhukar_jha/.yarn/bin/yarn.js add grpc --save

PATH: 
  /Users/madhukar_jha/.yarn/bin:/Users/madhukar_jha/.config/yarn/global/node_modules/.bin:/opt/apache-maven/bin:/usr/local/bin:/usr/bin:/bin:/usr/sbin:/sbin:/usr/local/go/bin:/Users/madhukar_jha/.yarn/bin:/Users/madhukar_jha/.config/yarn/global/node_modules/.bin:/opt/apache-maven/bin:/opt/vertx/bin:/opt/:/Users/madhukar_jha/Documents/tools/flutter/bin:/Applications/Visual Studio Code.app/Contents/Resources/app/bin:/opt/vertx/bin:/opt/:/Users/madhukar_jha/Documents/tools/flutter/bin:/Applications/Visual Studio Code.app/Contents/Resources/app/bin

Yarn version: 
  1.22.5

Node version: 
  12.18.2

Platform: 
  darwin x64

Trace: 
  Error: read EADDRNOTAVAIL
      at TLSWrap.onStreamRead (internal/stream_base_commons.js:205:27)

npm manifest: 
  {
    "name": "grpc-demo",
    "version": "1.0.0",
    "main": "index.js",
    "license": "MIT",
    "devDependencies": {
      "typescript": "^4.4.3"
    }
  }

yarn manifest: 
  No manifest

Lockfile: 
  # THIS IS AN AUTOGENERATED FILE. DO NOT EDIT THIS FILE DIRECTLY.
  # yarn lockfile v1
  
  
  typescript@^4.4.3:
    version "4.4.3"
    resolved "https://registry.yarnpkg.com/typescript/-/typescript-4.4.3.tgz#bdc5407caa2b109efd4f82fe130656f977a29324"
    integrity sha512-4xfscpisVgqqDfPaJo5vkd+Qd/ItkoagnHpufr+i2QCHBsNYp+G7UAoyFl8aPtx879u38wPV65rZ8qbGZijalA==
